<?xml version="1.0" encoding="UTF-8"?>
<testsuite xmlns:xsi="http://www.w3.org/2001/XMLSchema-instance" xsi:noNamespaceSchemaLocation="https://maven.apache.org/surefire/maven-surefire-plugin/xsd/surefire-test-report.xsd" version="3.0.2" name="com.example.api.article.tag.TagRepositoryTest" time="5.618" tests="4" errors="0" skipped="0" failures="0">
  <properties>
[...]
</properties>
  <testcase name="devePermitirTagsComMesmoNome_masServiceDeveEvitarIsso" classname="com.example.api.article.tag.TagRepositoryTest" time="0.7">
    <system-out><![CDATA[14:06:53.087 [main] INFO org.springframework.test.context.support.AnnotationConfigContextLoaderUtils -- Could not detect default configuration classes for test class [com.example.api.article.tag.TagRepositoryTest]: TagRepositoryTest does not declare any static, non-private, non-final, nested classes annotated with @Configuration.
14:06:53.307 [main] INFO org.springframework.boot.test.context.SpringBootTestContextBootstrapper -- Found @SpringBootConfiguration com.example.api.article.ArticleApplication for test class com.example.api.article.tag.TagRepositoryTest

  .   ____          _            __ _ _
 /\\ / ___'_ __ _ _(_)_ __  __ _ \ \ \ \
( ( )\___ | '_ | '_| | '_ \/ _` | \ \ \ \
 \\/  ___)| |_)| | | | | || (_| |  ) ) ) )
  '  |____| .__|_| |_|_| |_\__, | / / / /
 =========|_|==============|___/=/_/_/_/

 :: Spring Boot ::                (v3.5.7)

2025-11-21T14:06:53.888-03:00  INFO 13052 --- [article] [           main] c.e.api.article.tag.TagRepositoryTest    : Starting TagRepositoryTest using Java 21.0.2 with PID 13052 (started by Gabri in C:\Users\Gabri\Desktop\Pastas\A3-Junit\spring-basic-article-api-main)
2025-11-21T14:06:53.889-03:00  INFO 13052 --- [article] [           main] c.e.api.article.tag.TagRepositoryTest    : No active profile set, falling back to 1 default profile: "default"
2025-11-21T14:06:54.488-03:00  INFO 13052 --- [article] [           main] .s.d.r.c.RepositoryConfigurationDelegate : Bootstrapping Spring Data JPA repositories in DEFAULT mode.
2025-11-21T14:06:54.599-03:00  INFO 13052 --- [article] [           main] .s.d.r.c.RepositoryConfigurationDelegate : Finished Spring Data repository scanning in 97 ms. Found 3 JPA repository interfaces.
2025-11-21T14:06:54.682-03:00  INFO 13052 --- [article] [           main] beddedDataSourceBeanFactoryPostProcessor : Replacing 'dataSource' DataSource bean with embedded version
2025-11-21T14:06:54.819-03:00  INFO 13052 --- [article] [           main] o.s.j.d.e.EmbeddedDatabaseFactory        : Starting embedded database: url='jdbc:h2:mem:54a7e4cb-79b8-4dee-91fb-d5268c781fe6;DB_CLOSE_DELAY=-1;DB_CLOSE_ON_EXIT=false', username='sa'
2025-11-21T14:06:55.191-03:00  INFO 13052 --- [article] [           main] o.hibernate.jpa.internal.util.LogHelper  : HHH000204: Processing PersistenceUnitInfo [name: default]
2025-11-21T14:06:55.291-03:00  INFO 13052 --- [article] [           main] org.hibernate.Version                    : HHH000412: Hibernate ORM core version 6.6.33.Final
2025-11-21T14:06:55.343-03:00  INFO 13052 --- [article] [           main] o.h.c.internal.RegionFactoryInitiator    : HHH000026: Second-level cache disabled
2025-11-21T14:06:55.764-03:00  INFO 13052 --- [article] [           main] o.s.o.j.p.SpringPersistenceUnitInfo      : No LoadTimeWeaver setup: ignoring JPA class transformer
2025-11-21T14:06:55.915-03:00  INFO 13052 --- [article] [           main] org.hibernate.orm.connections.pooling    : HHH10001005: Database info:
	Database JDBC URL [Connecting through datasource 'org.springframework.jdbc.datasource.embedded.EmbeddedDatabaseFactory$EmbeddedDataSourceProxy@60807fd9']
	Database driver: undefined/unknown
	Database version: 2.3.232
	Autocommit mode: undefined/unknown
	Isolation level: undefined/unknown
	Minimum pool size: undefined/unknown
	Maximum pool size: undefined/unknown
2025-11-21T14:06:56.991-03:00  INFO 13052 --- [article] [           main] o.h.e.t.j.p.i.JtaPlatformInitiator       : HHH000489: No JTA platform available (set 'hibernate.transaction.jta.platform' to enable JTA platform integration)
Hibernate: create table article (id bigint generated by default as identity, body TEXT, description varchar(255), title varchar(255), primary key (id))
Hibernate: create table article_tags (article_id bigint not null, tags_id bigint not null)
Hibernate: create table tag (id bigint generated by default as identity, name varchar(255), primary key (id))
Hibernate: create table users (id bigint generated by default as identity, email varchar(255), password varchar(255), username varchar(255), primary key (id))
Hibernate: alter table if exists article_tags add constraint FKp6owh2p5p9yllwwrc2hn7bnxr foreign key (tags_id) references tag
Hibernate: alter table if exists article_tags add constraint FK85ph188kqbfc5u1gq0tme7flk foreign key (article_id) references article
2025-11-21T14:06:57.066-03:00  INFO 13052 --- [article] [           main] j.LocalContainerEntityManagerFactoryBean : Initialized JPA EntityManagerFactory for persistence unit 'default'
2025-11-21T14:06:57.615-03:00  INFO 13052 --- [article] [           main] c.e.api.article.tag.TagRepositoryTest    : Started TagRepositoryTest in 4.191 seconds (process running for 5.404)
Hibernate: insert into tag (name,id) values (?,default)
Hibernate: insert into tag (name,id) values (?,default)
Hibernate: select t1_0.id,t1_0.name from tag t1_0
]]></system-out>
    <system-err><![CDATA[Mockito is currently self-attaching to enable the inline-mock-maker. This will no longer work in future releases of the JDK. Please add Mockito as an agent to your build as described in Mockito's documentation: https://javadoc.io/doc/org.mockito/mockito-core/latest/org.mockito/org/mockito/Mockito.html#0.3
WARNING: A Java agent has been loaded dynamically (C:\Users\Gabri\.m2\repository\net\bytebuddy\byte-buddy-agent\1.17.8\byte-buddy-agent-1.17.8.jar)
WARNING: If a serviceability tool is in use, please run with -XX:+EnableDynamicAgentLoading to hide this warning
WARNING: If a serviceability tool is not in use, please run with -Djdk.instrument.traceUsage for more information
WARNING: Dynamic loading of agents will be disallowed by default in a future release
]]></system-err>
  </testcase>
  <testcase name="tagDeveSerReutilizadaCorretamenteEmVariosArticles_quandoUsamosFindByName" classname="com.example.api.article.tag.TagRepositoryTest" time="0.094">
    <system-out><![CDATA[Hibernate: select t1_0.id,t1_0.name from tag t1_0 where t1_0.name=?
Hibernate: insert into tag (name,id) values (?,default)
Hibernate: insert into article (body,description,title,id) values (?,?,?,default)
Hibernate: select t1_0.id,t1_0.name from tag t1_0 where t1_0.name=?
Hibernate: insert into article (body,description,title,id) values (?,?,?,default)
Hibernate: insert into article_tags (article_id,tags_id) values (?,?)
Hibernate: insert into article_tags (article_id,tags_id) values (?,?)
Hibernate: select t1_0.id,t1_0.name from tag t1_0
Hibernate: select a1_0.id,a1_0.body,a1_0.description,a1_0.title from article a1_0 where a1_0.id=?
Hibernate: select a1_0.id,a1_0.body,a1_0.description,a1_0.title from article a1_0 where a1_0.id=?
Hibernate: select t1_0.article_id,t1_1.id,t1_1.name from article_tags t1_0 join tag t1_1 on t1_1.id=t1_0.tags_id where t1_0.article_id=?
Hibernate: select t1_0.article_id,t1_1.id,t1_1.name from article_tags t1_0 join tag t1_1 on t1_1.id=t1_0.tags_id where t1_0.article_id=?
]]></system-out>
  </testcase>
  <testcase name="findByName_deveRetornarTagQuandoExiste" classname="com.example.api.article.tag.TagRepositoryTest" time="0.02">
    <system-out><![CDATA[Hibernate: insert into tag (name,id) values (?,default)
Hibernate: select t1_0.id,t1_0.name from tag t1_0 where t1_0.name=?
]]></system-out>
  </testcase>
  <testcase name="findByName_deveRetornarEmptyQuandoNaoExiste" classname="com.example.api.article.tag.TagRepositoryTest" time="0.011">
    <system-out><![CDATA[Hibernate: select t1_0.id,t1_0.name from tag t1_0 where t1_0.name=?
]]></system-out>
  </testcase>
</testsuite>